<?xml version="1.0" encoding="UTF-8"?>
<!-- Generated by org.testng.reporters.JUnitXMLReporter -->
<testsuite hostname="ZIPLSY1636" ignored="0" name="Test" tests="15" failures="13" timestamp="25 Sep 2018 11:37:17 GMT" time="173.076" errors="0">
  <testcase name="Login" time="26.621" classname="com.main.flowZSN"/>
  <testcase name="Dashboard" time="0.003" classname="com.main.flowZSN">
    <failure type="java.lang.NoClassDefFoundError" message="Common/CommonFunctions">
      <![CDATA[java.lang.NoClassDefFoundError: Common/CommonFunctions
at java.lang.ClassLoader.defineClass1(Native Method)
at java.lang.ClassLoader.defineClass(ClassLoader.java:763)
at java.security.SecureClassLoader.defineClass(SecureClassLoader.java:142)
at java.net.URLClassLoader.defineClass(URLClassLoader.java:467)
at java.net.URLClassLoader.access$100(URLClassLoader.java:73)
at java.net.URLClassLoader$1.run(URLClassLoader.java:368)
at java.net.URLClassLoader$1.run(URLClassLoader.java:362)
at java.security.AccessController.doPrivileged(Native Method)
at java.net.URLClassLoader.findClass(URLClassLoader.java:361)
at java.lang.ClassLoader.loadClass(ClassLoader.java:424)
at sun.misc.Launcher$AppClassLoader.loadClass(Launcher.java:331)
at java.lang.ClassLoader.loadClass(ClassLoader.java:357)
at com.main.flowZSN.Dashboard(flowZSN.java:287)
Caused by: java.lang.ClassNotFoundException: Common.CommonFunctions
at java.net.URLClassLoader.findClass(URLClassLoader.java:381)
at java.lang.ClassLoader.loadClass(ClassLoader.java:424)
at sun.misc.Launcher$AppClassLoader.loadClass(Launcher.java:331)
at java.lang.ClassLoader.loadClass(ClassLoader.java:357)
... 38 more
... Removed 25 stack frames]]>
    </failure>
  </testcase> <!-- Dashboard -->
  <testcase name="ViewInvoice" time="3.063" classname="com.main.flowZSN">
    <failure type="java.lang.NoClassDefFoundError" message="Common/CommonFunctions">
      <![CDATA[java.lang.NoClassDefFoundError: Common/CommonFunctions
at java.lang.ClassLoader.defineClass1(Native Method)
at java.lang.ClassLoader.defineClass(ClassLoader.java:763)
at java.security.SecureClassLoader.defineClass(SecureClassLoader.java:142)
at java.net.URLClassLoader.defineClass(URLClassLoader.java:467)
at java.net.URLClassLoader.access$100(URLClassLoader.java:73)
at java.net.URLClassLoader$1.run(URLClassLoader.java:368)
at java.net.URLClassLoader$1.run(URLClassLoader.java:362)
at java.security.AccessController.doPrivileged(Native Method)
at java.net.URLClassLoader.findClass(URLClassLoader.java:361)
at java.lang.ClassLoader.loadClass(ClassLoader.java:424)
at sun.misc.Launcher$AppClassLoader.loadClass(Launcher.java:331)
at java.lang.ClassLoader.loadClass(ClassLoader.java:357)
at com.main.flowZSN.ViewInvoice(flowZSN.java:240)
Caused by: java.lang.ClassNotFoundException: Common.CommonFunctions
at java.net.URLClassLoader.findClass(URLClassLoader.java:381)
at java.lang.ClassLoader.loadClass(ClassLoader.java:424)
at sun.misc.Launcher$AppClassLoader.loadClass(Launcher.java:331)
at java.lang.ClassLoader.loadClass(ClassLoader.java:357)
... 38 more
... Removed 25 stack frames]]>
    </failure>
  </testcase> <!-- ViewInvoice -->
  <testcase name="POInvoice" time="6.709" classname="com.main.flowZSN"/>
  <testcase name="NonPOInvoice" time="40.399" classname="com.main.flowZSN">
    <failure type="java.lang.NoClassDefFoundError" message="Common/CommonFunctions">
      <![CDATA[java.lang.NoClassDefFoundError: Common/CommonFunctions
at java.lang.ClassLoader.defineClass1(Native Method)
at java.lang.ClassLoader.defineClass(ClassLoader.java:763)
at java.security.SecureClassLoader.defineClass(SecureClassLoader.java:142)
at java.net.URLClassLoader.defineClass(URLClassLoader.java:467)
at java.net.URLClassLoader.access$100(URLClassLoader.java:73)
at java.net.URLClassLoader$1.run(URLClassLoader.java:368)
at java.net.URLClassLoader$1.run(URLClassLoader.java:362)
at java.security.AccessController.doPrivileged(Native Method)
at java.net.URLClassLoader.findClass(URLClassLoader.java:361)
at java.lang.ClassLoader.loadClass(ClassLoader.java:424)
at sun.misc.Launcher$AppClassLoader.loadClass(Launcher.java:331)
at java.lang.ClassLoader.loadClass(ClassLoader.java:357)
at com.zycus.ZSN.main.createNonPOInvoice1.create_nonPOinv1(createNonPOInvoice1.java:98)
at com.main.flowZSN.NonPOInvoice(flowZSN.java:204)
Caused by: java.lang.ClassNotFoundException: Common.CommonFunctions
at java.net.URLClassLoader.findClass(URLClassLoader.java:381)
at java.lang.ClassLoader.loadClass(ClassLoader.java:424)
at sun.misc.Launcher$AppClassLoader.loadClass(Launcher.java:331)
at java.lang.ClassLoader.loadClass(ClassLoader.java:357)
... 39 more
... Removed 25 stack frames]]>
    </failure>
  </testcase> <!-- NonPOInvoice -->
  <testcase name="CreditMemoagainstPO" time="32.086" classname="com.main.flowZSN">
    <failure type="java.lang.NoClassDefFoundError" message="Common/CommonFunctions">
      <![CDATA[java.lang.NoClassDefFoundError: Common/CommonFunctions
at java.lang.ClassLoader.defineClass1(Native Method)
at java.lang.ClassLoader.defineClass(ClassLoader.java:763)
at java.security.SecureClassLoader.defineClass(SecureClassLoader.java:142)
at java.net.URLClassLoader.defineClass(URLClassLoader.java:467)
at java.net.URLClassLoader.access$100(URLClassLoader.java:73)
at java.net.URLClassLoader$1.run(URLClassLoader.java:368)
at java.net.URLClassLoader$1.run(URLClassLoader.java:362)
at java.security.AccessController.doPrivileged(Native Method)
at java.net.URLClassLoader.findClass(URLClassLoader.java:361)
at java.lang.ClassLoader.loadClass(ClassLoader.java:424)
at sun.misc.Launcher$AppClassLoader.loadClass(Launcher.java:331)
at java.lang.ClassLoader.loadClass(ClassLoader.java:357)
at com.zycus.ZSN.main.createCreditMemoagainstPO1.Create_new_Credit_Memo(createCreditMemoagainstPO1.java:83)
at com.main.flowZSN.CreditMemoagainstPO(flowZSN.java:116)
Caused by: java.lang.ClassNotFoundException: Common.CommonFunctions
at java.net.URLClassLoader.findClass(URLClassLoader.java:381)
at java.lang.ClassLoader.loadClass(ClassLoader.java:424)
at sun.misc.Launcher$AppClassLoader.loadClass(Launcher.java:331)
at java.lang.ClassLoader.loadClass(ClassLoader.java:357)
... 39 more
... Removed 25 stack frames]]>
    </failure>
  </testcase> <!-- CreditMemoagainstPO -->
  <testcase name="CreditMemowithoutreference" time="26.755" classname="com.main.flowZSN">
    <failure type="java.lang.NoClassDefFoundError" message="Common/CommonFunctions">
      <![CDATA[java.lang.NoClassDefFoundError: Common/CommonFunctions
at java.lang.ClassLoader.defineClass1(Native Method)
at java.lang.ClassLoader.defineClass(ClassLoader.java:763)
at java.security.SecureClassLoader.defineClass(SecureClassLoader.java:142)
at java.net.URLClassLoader.defineClass(URLClassLoader.java:467)
at java.net.URLClassLoader.access$100(URLClassLoader.java:73)
at java.net.URLClassLoader$1.run(URLClassLoader.java:368)
at java.net.URLClassLoader$1.run(URLClassLoader.java:362)
at java.security.AccessController.doPrivileged(Native Method)
at java.net.URLClassLoader.findClass(URLClassLoader.java:361)
at java.lang.ClassLoader.loadClass(ClassLoader.java:424)
at sun.misc.Launcher$AppClassLoader.loadClass(Launcher.java:331)
at java.lang.ClassLoader.loadClass(ClassLoader.java:357)
at com.zycus.ZSN.main.createCreditMemowithoutReference1.Create_new_Credit_Memo(createCreditMemowithoutReference1.java:84)
at com.main.flowZSN.CreditMemowithoutreference(flowZSN.java:262)
Caused by: java.lang.ClassNotFoundException: Common.CommonFunctions
at java.net.URLClassLoader.findClass(URLClassLoader.java:381)
at java.lang.ClassLoader.loadClass(ClassLoader.java:424)
at sun.misc.Launcher$AppClassLoader.loadClass(Launcher.java:331)
at java.lang.ClassLoader.loadClass(ClassLoader.java:357)
... 39 more
... Removed 25 stack frames]]>
    </failure>
  </testcase> <!-- CreditMemowithoutreference -->
  <testcase name="Uploads_POInvoice" time="3.803" classname="com.main.flowZSN">
    <failure type="java.lang.Exception">
      <![CDATA[java.lang.Exception
at Framework.CommonUtitlity.click(CommonUtitlity.java:76)
at com.zycus.ZSN.main.UploadsNew.upload_file(UploadsNew.java:38)
at com.main.flowZSN.Uploads_POInvoice(flowZSN.java:163)
... Removed 25 stack frames]]>
    </failure>
  </testcase> <!-- Uploads_POInvoice -->
  <testcase name="Uploads_NonPOInvoice" time="3.793" classname="com.main.flowZSN">
    <failure type="java.lang.Exception">
      <![CDATA[java.lang.Exception
at Framework.CommonUtitlity.click(CommonUtitlity.java:76)
at com.zycus.ZSN.main.UploadsNew.upload_file(UploadsNew.java:38)
at com.main.flowZSN.Uploads_NonPOInvoice(flowZSN.java:215)
... Removed 25 stack frames]]>
    </failure>
  </testcase> <!-- Uploads_NonPOInvoice -->
  <testcase name="Uploads_CreditMemoagainstPO" time="3.799" classname="com.main.flowZSN">
    <failure type="java.lang.Exception">
      <![CDATA[java.lang.Exception
at Framework.CommonUtitlity.click(CommonUtitlity.java:76)
at com.zycus.ZSN.main.UploadsNew.upload_file(UploadsNew.java:38)
at com.main.flowZSN.Uploads_CreditMemoagainstPO(flowZSN.java:135)
... Removed 25 stack frames]]>
    </failure>
  </testcase> <!-- Uploads_CreditMemoagainstPO -->
  <testcase name="Uploads_CreditMemowithoutreference" time="3.793" classname="com.main.flowZSN">
    <failure type="java.lang.Exception">
      <![CDATA[java.lang.Exception
at Framework.CommonUtitlity.click(CommonUtitlity.java:76)
at com.zycus.ZSN.main.UploadsNew.upload_file(UploadsNew.java:38)
at com.main.flowZSN.Uploads_CreditMemowithoutreference(flowZSN.java:273)
... Removed 25 stack frames]]>
    </failure>
  </testcase> <!-- Uploads_CreditMemowithoutreference -->
  <testcase name="Invoice_againstBPO" time="3.501" classname="com.main.flowZSN">
    <failure type="java.lang.NoClassDefFoundError" message="Common/CommonFunctions">
      <![CDATA[java.lang.NoClassDefFoundError: Common/CommonFunctions
at java.lang.ClassLoader.defineClass1(Native Method)
at java.lang.ClassLoader.defineClass(ClassLoader.java:763)
at java.security.SecureClassLoader.defineClass(SecureClassLoader.java:142)
at java.net.URLClassLoader.defineClass(URLClassLoader.java:467)
at java.net.URLClassLoader.access$100(URLClassLoader.java:73)
at java.net.URLClassLoader$1.run(URLClassLoader.java:368)
at java.net.URLClassLoader$1.run(URLClassLoader.java:362)
at java.security.AccessController.doPrivileged(Native Method)
at java.net.URLClassLoader.findClass(URLClassLoader.java:361)
at java.lang.ClassLoader.loadClass(ClassLoader.java:424)
at sun.misc.Launcher$AppClassLoader.loadClass(Launcher.java:331)
at java.lang.ClassLoader.loadClass(ClassLoader.java:357)
at com.main.flowZSN.Invoice_againstBPO(flowZSN.java:230)
Caused by: java.lang.ClassNotFoundException: Common.CommonFunctions
at java.net.URLClassLoader.findClass(URLClassLoader.java:381)
at java.lang.ClassLoader.loadClass(ClassLoader.java:424)
at sun.misc.Launcher$AppClassLoader.loadClass(Launcher.java:331)
at java.lang.ClassLoader.loadClass(ClassLoader.java:357)
... 38 more
... Removed 25 stack frames]]>
    </failure>
  </testcase> <!-- Invoice_againstBPO -->
  <testcase name="Reference" time="0.002" classname="com.main.flowZSN">
    <failure type="java.lang.NoClassDefFoundError" message="Common/CommonFunctions">
      <![CDATA[java.lang.NoClassDefFoundError: Common/CommonFunctions
at java.lang.ClassLoader.defineClass1(Native Method)
at java.lang.ClassLoader.defineClass(ClassLoader.java:763)
at java.security.SecureClassLoader.defineClass(SecureClassLoader.java:142)
at java.net.URLClassLoader.defineClass(URLClassLoader.java:467)
at java.net.URLClassLoader.access$100(URLClassLoader.java:73)
at java.net.URLClassLoader$1.run(URLClassLoader.java:368)
at java.net.URLClassLoader$1.run(URLClassLoader.java:362)
at java.security.AccessController.doPrivileged(Native Method)
at java.net.URLClassLoader.findClass(URLClassLoader.java:361)
at java.lang.ClassLoader.loadClass(ClassLoader.java:424)
at sun.misc.Launcher$AppClassLoader.loadClass(Launcher.java:331)
at java.lang.ClassLoader.loadClass(ClassLoader.java:357)
at com.main.flowZSN.Reference(flowZSN.java:125)
Caused by: java.lang.ClassNotFoundException: Common.CommonFunctions
at java.net.URLClassLoader.findClass(URLClassLoader.java:381)
at java.lang.ClassLoader.loadClass(ClassLoader.java:424)
at sun.misc.Launcher$AppClassLoader.loadClass(Launcher.java:331)
at java.lang.ClassLoader.loadClass(ClassLoader.java:357)
... 38 more
... Removed 25 stack frames]]>
    </failure>
  </testcase> <!-- Reference -->
  <testcase name="Catalog" time="5.856" classname="com.main.flowZSN">
    <failure type="java.lang.Exception">
      <![CDATA[java.lang.Exception
at Framework.CommonUtitlity.click(CommonUtitlity.java:76)
at com.zycus.ZSN.main.CreateCatalog1.create_catalog_online(CreateCatalog1.java:70)
at com.main.flowZSN.Catalog(flowZSN.java:183)
... Removed 25 stack frames]]>
    </failure>
  </testcase> <!-- Catalog -->
  <testcase name="Order" time="7.788" classname="com.main.flowZSN">
    <failure type="java.lang.Exception">
      <![CDATA[java.lang.Exception
at Framework.CommonUtitlity.click(CommonUtitlity.java:76)
at common.Functions.CommonFunctions.clearFilter(CommonFunctions.java:304)
at com.zycus.ZSN.main.ViewOrders1.confirmPO(ViewOrders1.java:41)
at com.main.flowZSN.Order(flowZSN.java:101)
... Removed 25 stack frames]]>
    </failure>
  </testcase> <!-- Order -->
</testsuite> <!-- Test -->
