<?xml version="1.0" encoding="UTF-8"?>
<!-- Generated by org.testng.reporters.JUnitXMLReporter -->
<testsuite hostname="ZIPLSY1636" ignored="0" name="Test" tests="17" failures="14" timestamp="27 Sep 2018 09:12:37 GMT" time="440.997" errors="0">
  <testcase name="Login" time="60.447" classname="com.main.FlowEInvoice"/>
  <testcase name="InvoiceNonPO" time="0.153" classname="com.main.FlowEInvoice">
    <failure type="org.testng.internal.reflect.MethodMatcherException" message="
Data provider mismatch
Method: InvoiceNonPO([Parameter{index=0, type=java.lang.String, declaredAnnotations=[]}, Parameter{index=1, type=java.lang.String, declaredAnnotations=[]}, Parameter{index=2, type=java.lang.String, declaredAnnotations=[]}, Parameter{index=3, type=java.lang.String, declaredAnnotations=[]}, Parameter{index=4, type=java.lang.String, declaredAnnotations=[]}, Parameter{index=5, type=java.lang.String, declaredAnnotations=[]}, Parameter{index=6, type=java.lang.String, declaredAnnotations=[]}, Parameter{index=7, type=java.lang.String, declaredAnnotations=[]}, Parameter{index=8, type=java.lang.String, declaredAnnotations=[]}, Parameter{index=9, type=java.lang.String, declaredAnnotations=[]}])
Arguments: [(java.lang.String) GDQA_SUPPLIER,(java.lang.String) NET30,(java.lang.String) INR,(java.lang.String) 19/06/2018,(java.lang.String) CMD-sanity,(java.lang.String) 70,(java.lang.String) test,(java.lang.String) Materials testing,(java.lang.String) 32189,(java.lang.String) 1000,(java.lang.String) GLTYPE011,(java.lang.String) QMS]">
      <![CDATA[org.testng.internal.reflect.MethodMatcherException: 
Data provider mismatch
Method: InvoiceNonPO([Parameter{index=0, type=java.lang.String, declaredAnnotations=[]}, Parameter{index=1, type=java.lang.String, declaredAnnotations=[]}, Parameter{index=2, type=java.lang.String, declaredAnnotations=[]}, Parameter{index=3, type=java.lang.String, declaredAnnotations=[]}, Parameter{index=4, type=java.lang.String, declaredAnnotations=[]}, Parameter{index=5, type=java.lang.String, declaredAnnotations=[]}, Parameter{index=6, type=java.lang.String, declaredAnnotations=[]}, Parameter{index=7, type=java.lang.String, declaredAnnotations=[]}, Parameter{index=8, type=java.lang.String, declaredAnnotations=[]}, Parameter{index=9, type=java.lang.String, declaredAnnotations=[]}])
Arguments: [(java.lang.String) GDQA_SUPPLIER,(java.lang.String) NET30,(java.lang.String) INR,(java.lang.String) 19/06/2018,(java.lang.String) CMD-sanity,(java.lang.String) 70,(java.lang.String) test,(java.lang.String) Materials testing,(java.lang.String) 32189,(java.lang.String) 1000,(java.lang.String) GLTYPE011,(java.lang.String) QMS]
... Removed 20 stack frames]]>
    </failure>
  </testcase> <!-- InvoiceNonPO -->
  <testcase name="InvoiceAction" time="33.395" classname="com.main.FlowEInvoice">
    <failure type="java.lang.NullPointerException">
      <![CDATA[java.lang.NullPointerException
at common.Functions.eInvoice_CommonFunctions.navigate_path(eInvoice_CommonFunctions.java:128)
at com.main.FlowEInvoice.InvoiceAction(FlowEInvoice.java:171)
... Removed 25 stack frames]]>
    </failure>
  </testcase> <!-- InvoiceAction -->
  <testcase name="searchPurchaseOrders" time="8.227" classname="com.main.FlowEInvoice">
    <failure type="java.lang.NullPointerException">
      <![CDATA[java.lang.NullPointerException
at common.Functions.eInvoice_CommonFunctions.navigate_Rainbowpath(eInvoice_CommonFunctions.java:167)
at common.Functions.eInvoice_CommonFunctions.navigateToMainPage(eInvoice_CommonFunctions.java:138)
at com.main.FlowEInvoice.searchPurchaseOrders(FlowEInvoice.java:195)
... Removed 25 stack frames]]>
    </failure>
  </testcase> <!-- searchPurchaseOrders -->
  <testcase name="ConfigureOOO" time="33.153" classname="com.main.FlowEInvoice">
    <failure type="java.lang.NullPointerException">
      <![CDATA[java.lang.NullPointerException
at common.Functions.eInvoice_CommonFunctions.navigate_Rainbowpath(eInvoice_CommonFunctions.java:189)
at common.Functions.eInvoice_CommonFunctions.navigateToMainPage(eInvoice_CommonFunctions.java:136)
at com.main.FlowEInvoice.ConfigureOOO(FlowEInvoice.java:220)
... Removed 25 stack frames]]>
    </failure>
  </testcase> <!-- ConfigureOOO -->
  <testcase name="CreditMemowithoutReference" time="0.069" classname="com.main.FlowEInvoice">
    <failure type="org.testng.internal.reflect.MethodMatcherException" message="
Data provider mismatch
Method: CreditMemowithoutReference([Parameter{index=0, type=java.lang.String, declaredAnnotations=[]}, Parameter{index=1, type=java.lang.String, declaredAnnotations=[]}, Parameter{index=2, type=java.lang.String, declaredAnnotations=[]}, Parameter{index=3, type=java.lang.String, declaredAnnotations=[]}, Parameter{index=4, type=java.lang.String, declaredAnnotations=[]}, Parameter{index=5, type=java.lang.String, declaredAnnotations=[]}, Parameter{index=6, type=java.lang.String, declaredAnnotations=[]}, Parameter{index=7, type=java.lang.String, declaredAnnotations=[]}, Parameter{index=8, type=java.lang.String, declaredAnnotations=[]}])
Arguments: [(java.lang.String) GDQA_SUPPLIER,(java.lang.String) INR,(java.lang.String) 20/06/2018,(java.lang.String) CMD-sanity,(java.lang.String) 70,(java.lang.String) test,(java.lang.String) Materials testing,(java.lang.String) 32189,(java.lang.String) 1000,(java.lang.String) GLTYPE011,(java.lang.String) QMS]">
      <![CDATA[org.testng.internal.reflect.MethodMatcherException: 
Data provider mismatch
Method: CreditMemowithoutReference([Parameter{index=0, type=java.lang.String, declaredAnnotations=[]}, Parameter{index=1, type=java.lang.String, declaredAnnotations=[]}, Parameter{index=2, type=java.lang.String, declaredAnnotations=[]}, Parameter{index=3, type=java.lang.String, declaredAnnotations=[]}, Parameter{index=4, type=java.lang.String, declaredAnnotations=[]}, Parameter{index=5, type=java.lang.String, declaredAnnotations=[]}, Parameter{index=6, type=java.lang.String, declaredAnnotations=[]}, Parameter{index=7, type=java.lang.String, declaredAnnotations=[]}, Parameter{index=8, type=java.lang.String, declaredAnnotations=[]}])
Arguments: [(java.lang.String) GDQA_SUPPLIER,(java.lang.String) INR,(java.lang.String) 20/06/2018,(java.lang.String) CMD-sanity,(java.lang.String) 70,(java.lang.String) test,(java.lang.String) Materials testing,(java.lang.String) 32189,(java.lang.String) 1000,(java.lang.String) GLTYPE011,(java.lang.String) QMS]
... Removed 20 stack frames]]>
    </failure>
  </testcase> <!-- CreditMemowithoutReference -->
  <testcase name="CreditMemoagainstPO" time="33.281" classname="com.main.FlowEInvoice">
    <failure type="java.lang.NullPointerException">
      <![CDATA[java.lang.NullPointerException
at common.Functions.eInvoice_CommonFunctions.navigate_Rainbowpath(eInvoice_CommonFunctions.java:189)
at common.Functions.eInvoice_CommonFunctions.navigateToMainPage(eInvoice_CommonFunctions.java:136)
at com.main.FlowEInvoice.CreditMemoagainstPO(FlowEInvoice.java:243)
... Removed 25 stack frames]]>
    </failure>
  </testcase> <!-- CreditMemoagainstPO -->
  <testcase name="InvoiceagainstPO" time="33.241" classname="com.main.FlowEInvoice">
    <failure type="java.lang.NullPointerException">
      <![CDATA[java.lang.NullPointerException
at common.Functions.eInvoice_CommonFunctions.navigate_Rainbowpath(eInvoice_CommonFunctions.java:189)
at common.Functions.eInvoice_CommonFunctions.navigateToMainPage(eInvoice_CommonFunctions.java:136)
at com.main.FlowEInvoice.InvoiceagainstPO(FlowEInvoice.java:253)
... Removed 25 stack frames]]>
    </failure>
  </testcase> <!-- InvoiceagainstPO -->
  <testcase name="Statements" time="0.0" classname="com.main.FlowEInvoice">
    <skipped/>
  </testcase> <!-- Statements -->
  <testcase name="AddReconciliationStatements" time="0.0" classname="com.main.FlowEInvoice">
    <skipped/>
  </testcase> <!-- AddReconciliationStatements -->
  <testcase name="Uploads" time="33.337" classname="com.main.FlowEInvoice">
    <failure type="java.lang.Exception">
      <![CDATA[java.lang.Exception
at common.Functions.eInvoice_CommonFunctions.navigate_Rainbowpath(eInvoice_CommonFunctions.java:168)
at common.Functions.eInvoice_CommonFunctions.navigateToMainPage(eInvoice_CommonFunctions.java:138)
at com.main.FlowEInvoice.Uploads(FlowEInvoice.java:291)
... Removed 25 stack frames]]>
    </failure>
  </testcase> <!-- Uploads -->
  <testcase name="Batches" time="33.354" classname="com.main.FlowEInvoice">
    <failure type="java.lang.Exception">
      <![CDATA[java.lang.Exception
at common.Functions.eInvoice_CommonFunctions.navigate_Rainbowpath(eInvoice_CommonFunctions.java:190)
at common.Functions.eInvoice_CommonFunctions.navigateToMainPage(eInvoice_CommonFunctions.java:136)
at com.main.FlowEInvoice.Batches(FlowEInvoice.java:306)
... Removed 25 stack frames]]>
    </failure>
  </testcase> <!-- Batches -->
  <testcase name="shareMyReports" time="33.314" classname="com.main.FlowEInvoice">
    <failure type="java.lang.Exception">
      <![CDATA[java.lang.Exception
at common.Functions.eInvoice_CommonFunctions.navigate_Rainbowpath(eInvoice_CommonFunctions.java:168)
at common.Functions.eInvoice_CommonFunctions.navigateToMainPage(eInvoice_CommonFunctions.java:138)
at com.main.FlowEInvoice.shareMyReports(FlowEInvoice.java:320)
... Removed 25 stack frames]]>
    </failure>
  </testcase> <!-- shareMyReports -->
  <testcase name="NewBatch" time="33.301" classname="com.main.FlowEInvoice">
    <failure type="java.lang.Exception">
      <![CDATA[java.lang.Exception
at common.Functions.eInvoice_CommonFunctions.navigate_Rainbowpath(eInvoice_CommonFunctions.java:190)
at common.Functions.eInvoice_CommonFunctions.navigateToMainPage(eInvoice_CommonFunctions.java:136)
at com.main.FlowEInvoice.NewBatch(FlowEInvoice.java:334)
... Removed 25 stack frames]]>
    </failure>
  </testcase> <!-- NewBatch -->
  <testcase name="createProcessForm" time="33.295" classname="com.main.FlowEInvoice">
    <failure type="java.lang.Exception">
      <![CDATA[java.lang.Exception
at common.Functions.eInvoice_CommonFunctions.navigate_Rainbowpath(eInvoice_CommonFunctions.java:190)
at common.Functions.eInvoice_CommonFunctions.navigateToMainPage(eInvoice_CommonFunctions.java:136)
at com.main.FlowEInvoice.createProcessForm(FlowEInvoice.java:354)
... Removed 25 stack frames]]>
    </failure>
  </testcase> <!-- createProcessForm -->
  <testcase name="Reports" time="33.341" classname="com.main.FlowEInvoice">
    <failure type="java.lang.Exception">
      <![CDATA[java.lang.Exception
at common.Functions.eInvoice_CommonFunctions.navigate_Rainbowpath(eInvoice_CommonFunctions.java:168)
at common.Functions.eInvoice_CommonFunctions.navigateToMainPage(eInvoice_CommonFunctions.java:138)
at com.main.FlowEInvoice.Reports(FlowEInvoice.java:367)
... Removed 25 stack frames]]>
    </failure>
  </testcase> <!-- Reports -->
  <testcase name="Workflow" time="33.401" classname="com.main.FlowEInvoice">
    <failure type="java.lang.Exception">
      <![CDATA[java.lang.Exception
at common.Functions.eInvoice_CommonFunctions.navigate_Rainbowpath(eInvoice_CommonFunctions.java:168)
at common.Functions.eInvoice_CommonFunctions.navigateToMainPage(eInvoice_CommonFunctions.java:138)
at com.main.FlowEInvoice.Workflow(FlowEInvoice.java:384)
... Removed 25 stack frames]]>
    </failure>
  </testcase> <!-- Workflow -->
</testsuite> <!-- Test -->
