<?xml version="1.0" encoding="UTF-8"?>
<testng-results skipped="0" failed="0" ignored="0" total="2" passed="2">
  <reporter-output>
  </reporter-output>
  <suite name="Default suite" duration-ms="65247" started-at="2018-09-19T14:09:46Z" finished-at="2018-09-19T14:10:51Z">
    <groups>
    </groups>
    <test name="Default test" duration-ms="65247" started-at="2018-09-19T14:09:46Z" finished-at="2018-09-19T14:10:51Z">
      <class name="com.main.FlowIContract">
        <test-method status="PASS" signature="startReport()[pri:0, instance:com.main.FlowIContract@1500955a]" name="startReport" is-config="true" duration-ms="3909" started-at="2018-09-19T14:09:46Z" finished-at="2018-09-19T14:09:50Z">
          <reporter-output>
          </reporter-output>
        </test-method> <!-- startReport -->
        <test-method status="PASS" signature="Login(java.lang.String, java.lang.String, java.lang.String, java.lang.String, java.lang.String)[pri:1, instance:com.main.FlowIContract@1500955a]" name="Login" duration-ms="56918" started-at="2018-09-19T14:09:51Z" description="Login Method" data-provider="Login" finished-at="2018-09-19T14:10:47Z">
          <params>
            <param index="0">
              <value>
                <![CDATA[iContract]]>
              </value>
            </param>
            <param index="1">
              <value>
                <![CDATA[shilki.jaiswal]]>
              </value>
            </param>
            <param index="2">
              <value>
                <![CDATA[Aug@1811]]>
              </value>
            </param>
            <param index="3">
              <value>
                <![CDATA[Sanity6]]>
              </value>
            </param>
            <param index="4">
              <value>
                <![CDATA[John.sanity6@zycus.com]]>
              </value>
            </param>
          </params>
          <reporter-output>
          </reporter-output>
        </test-method> <!-- Login -->
        <test-method status="PASS" signature="getResult(org.testng.ITestResult)[pri:0, instance:com.main.FlowIContract@1500955a]" name="getResult" is-config="true" duration-ms="2" started-at="2018-09-19T14:10:47Z" finished-at="2018-09-19T14:10:47Z">
          <params>
            <param index="0">
              <value>
                <![CDATA[[TestResult name=Login status=SUCCESS method=FlowIContract.Login(java.lang.String, java.lang.String, java.lang.String, java.lang.String, java.lang.String)[pri:1, instance:com.main.FlowIContract@1500955a] output={null}]]]>
              </value>
            </param>
          </params>
          <reporter-output>
          </reporter-output>
        </test-method> <!-- getResult -->
        <test-method status="PASS" signature="AuthorContract()[pri:3, instance:com.main.FlowIContract@1500955a]" name="AuthorContract" duration-ms="3794" started-at="2018-09-19T14:10:47Z" depends-on-methods="com.main.FlowIContract.Login" finished-at="2018-09-19T14:10:51Z">
          <reporter-output>
          </reporter-output>
        </test-method> <!-- AuthorContract -->
        <test-method status="PASS" signature="getResult(org.testng.ITestResult)[pri:0, instance:com.main.FlowIContract@1500955a]" name="getResult" is-config="true" duration-ms="1" started-at="2018-09-19T14:10:51Z" finished-at="2018-09-19T14:10:51Z">
          <params>
            <param index="0">
              <value>
                <![CDATA[[TestResult name=AuthorContract status=SUCCESS method=FlowIContract.AuthorContract()[pri:3, instance:com.main.FlowIContract@1500955a] output={null}]]]>
              </value>
            </param>
          </params>
          <reporter-output>
          </reporter-output>
        </test-method> <!-- getResult -->
        <test-method status="PASS" signature="tearDown()[pri:0, instance:com.main.FlowIContract@1500955a]" name="tearDown" is-config="true" duration-ms="198" started-at="2018-09-19T14:10:51Z" finished-at="2018-09-19T14:10:51Z">
          <reporter-output>
          </reporter-output>
        </test-method> <!-- tearDown -->
      </class> <!-- com.main.FlowIContract -->
    </test> <!-- Default test -->
  </suite> <!-- Default suite -->
</testng-results>
