<?xml version="1.0" encoding="UTF-8"?>
<testng-results skipped="0" failed="1" ignored="0" total="3" passed="2">
  <reporter-output>
  </reporter-output>
  <suite name="Default suite" duration-ms="157275" started-at="2018-09-12T14:21:05Z" finished-at="2018-09-12T14:23:42Z">
    <groups>
    </groups>
    <test name="Default test" duration-ms="157275" started-at="2018-09-12T14:21:05Z" finished-at="2018-09-12T14:23:42Z">
      <class name="com.main.FlowIContract">
        <test-method status="PASS" signature="startReport()[pri:0, instance:com.main.FlowIContract@1500955a]" name="startReport" is-config="true" duration-ms="3901" started-at="2018-09-12T14:21:05Z" finished-at="2018-09-12T14:21:08Z">
          <reporter-output>
          </reporter-output>
        </test-method> <!-- startReport -->
        <test-method status="PASS" signature="Login(java.lang.String, java.lang.String, java.lang.String, java.lang.String, java.lang.String)[pri:1, instance:com.main.FlowIContract@1500955a]" name="Login" duration-ms="65085" started-at="2018-09-12T14:21:09Z" data-provider="Login" finished-at="2018-09-12T14:22:14Z">
          <params>
            <param index="0">
              <value>
                <![CDATA[iContract]]>
              </value>
            </param>
            <param index="1">
              <value>
                <![CDATA[shilki.jaiswal]]>
              </value>
            </param>
            <param index="2">
              <value>
                <![CDATA[Aug@1811]]>
              </value>
            </param>
            <param index="3">
              <value>
                <![CDATA[Sanity6]]>
              </value>
            </param>
            <param index="4">
              <value>
                <![CDATA[John.sanity6@zycus.com]]>
              </value>
            </param>
          </params>
          <reporter-output>
          </reporter-output>
        </test-method> <!-- Login -->
        <test-method status="PASS" signature="getResult(org.testng.ITestResult)[pri:0, instance:com.main.FlowIContract@1500955a]" name="getResult" is-config="true" duration-ms="2" started-at="2018-09-12T14:22:14Z" finished-at="2018-09-12T14:22:14Z">
          <params>
            <param index="0">
              <value>
                <![CDATA[[TestResult name=Login status=SUCCESS method=FlowIContract.Login(java.lang.String, java.lang.String, java.lang.String, java.lang.String, java.lang.String)[pri:1, instance:com.main.FlowIContract@1500955a] output={null}]]]>
              </value>
            </param>
          </params>
          <reporter-output>
          </reporter-output>
        </test-method> <!-- getResult -->
        <test-method status="PASS" signature="Repository()[pri:1, instance:com.main.FlowIContract@1500955a]" name="Repository" duration-ms="54416" started-at="2018-09-12T14:22:14Z" depends-on-methods="com.main.FlowIContract.Login" finished-at="2018-09-12T14:23:08Z">
          <reporter-output>
          </reporter-output>
        </test-method> <!-- Repository -->
        <test-method status="FAIL" signature="AuthorContract()[pri:3, instance:com.main.FlowIContract@1500955a]" name="AuthorContract" duration-ms="33253" started-at="2018-09-12T14:23:08Z" depends-on-methods="com.main.FlowIContract.Login" finished-at="2018-09-12T14:23:42Z">
          <exception class="java.lang.Exception">
            <full-stacktrace>
              <![CDATA[java.lang.Exception
at common.Functions.eInvoice_CommonFunctions.navigate_Rainbowpath(eInvoice_CommonFunctions.java:170)
at com.main.FlowIContract.AuthorContract(FlowIContract.java:117)
at sun.reflect.NativeMethodAccessorImpl.invoke0(Native Method)
at sun.reflect.NativeMethodAccessorImpl.invoke(NativeMethodAccessorImpl.java:62)
at sun.reflect.DelegatingMethodAccessorImpl.invoke(DelegatingMethodAccessorImpl.java:43)
at java.lang.reflect.Method.invoke(Method.java:498)
at org.testng.internal.MethodInvocationHelper.invokeMethod(MethodInvocationHelper.java:124)
at org.testng.internal.Invoker.invokeMethod(Invoker.java:580)
at org.testng.internal.Invoker.invokeTestMethod(Invoker.java:716)
at org.testng.internal.Invoker.invokeTestMethods(Invoker.java:988)
at org.testng.internal.TestMethodWorker.invokeTestMethods(TestMethodWorker.java:125)
at org.testng.internal.TestMethodWorker.run(TestMethodWorker.java:109)
at org.testng.TestRunner.privateRun(TestRunner.java:648)
at org.testng.TestRunner.run(TestRunner.java:505)
at org.testng.SuiteRunner.runTest(SuiteRunner.java:455)
at org.testng.SuiteRunner.runSequentially(SuiteRunner.java:450)
at org.testng.SuiteRunner.privateRun(SuiteRunner.java:415)
at org.testng.SuiteRunner.run(SuiteRunner.java:364)
at org.testng.SuiteRunnerWorker.runSuite(SuiteRunnerWorker.java:52)
at org.testng.SuiteRunnerWorker.run(SuiteRunnerWorker.java:84)
at org.testng.TestNG.runSuitesSequentially(TestNG.java:1208)
at org.testng.TestNG.runSuitesLocally(TestNG.java:1137)
at org.testng.TestNG.runSuites(TestNG.java:1049)
at org.testng.TestNG.run(TestNG.java:1017)
at org.testng.remote.AbstractRemoteTestNG.run(AbstractRemoteTestNG.java:114)
at org.testng.remote.RemoteTestNG.initAndRun(RemoteTestNG.java:251)
at org.testng.remote.RemoteTestNG.main(RemoteTestNG.java:77)
]]>
            </full-stacktrace>
          </exception> <!-- java.lang.Exception -->
          <reporter-output>
          </reporter-output>
        </test-method> <!-- AuthorContract -->
        <test-method status="PASS" signature="getResult(org.testng.ITestResult)[pri:0, instance:com.main.FlowIContract@1500955a]" name="getResult" is-config="true" duration-ms="0" started-at="2018-09-12T14:23:08Z" finished-at="2018-09-12T14:23:08Z">
          <params>
            <param index="0">
              <value>
                <![CDATA[[TestResult name=Repository status=SUCCESS method=FlowIContract.Repository()[pri:1, instance:com.main.FlowIContract@1500955a] output={null}]]]>
              </value>
            </param>
          </params>
          <reporter-output>
          </reporter-output>
        </test-method> <!-- getResult -->
        <test-method status="PASS" signature="getResult(org.testng.ITestResult)[pri:0, instance:com.main.FlowIContract@1500955a]" name="getResult" is-config="true" duration-ms="0" started-at="2018-09-12T14:23:42Z" finished-at="2018-09-12T14:23:42Z">
          <params>
            <param index="0">
              <value>
                <![CDATA[[TestResult name=AuthorContract status=FAILURE method=FlowIContract.AuthorContract()[pri:3, instance:com.main.FlowIContract@1500955a] output={null}]]]>
              </value>
            </param>
          </params>
          <reporter-output>
          </reporter-output>
        </test-method> <!-- getResult -->
        <test-method status="PASS" signature="tearDown()[pri:0, instance:com.main.FlowIContract@1500955a]" name="tearDown" is-config="true" duration-ms="213" started-at="2018-09-12T14:23:42Z" finished-at="2018-09-12T14:23:42Z">
          <reporter-output>
          </reporter-output>
        </test-method> <!-- tearDown -->
      </class> <!-- com.main.FlowIContract -->
    </test> <!-- Default test -->
  </suite> <!-- Default suite -->
</testng-results>
