<?xml version="1.0" encoding="UTF-8"?>
<testng-results skipped="0" failed="0" ignored="0" total="2" passed="2">
  <reporter-output>
  </reporter-output>
  <suite name="Default suite" duration-ms="128221" started-at="2018-10-03T13:16:41Z" finished-at="2018-10-03T13:18:49Z">
    <groups>
    </groups>
    <test name="Default test" duration-ms="128221" started-at="2018-10-03T13:16:41Z" finished-at="2018-10-03T13:18:49Z">
      <class name="com.main.FlowIManage">
        <test-method status="PASS" signature="startReport()[pri:0, instance:com.main.FlowIManage@7a3d45bd]" name="startReport" is-config="true" duration-ms="4272" started-at="2018-10-03T13:16:41Z" finished-at="2018-10-03T13:16:45Z">
          <reporter-output>
          </reporter-output>
        </test-method> <!-- startReport -->
        <test-method status="PASS" signature="beforeMethod(java.lang.reflect.Method)[pri:0, instance:com.main.FlowIManage@7a3d45bd]" name="beforeMethod" is-config="true" duration-ms="3" started-at="2018-10-03T13:16:46Z" finished-at="2018-10-03T13:16:46Z">
          <params>
            <param index="0">
              <value>
                <![CDATA[public void com.main.FlowIManage.Login(java.lang.String,java.lang.String,java.lang.String,java.lang.String,java.lang.String) throws java.lang.Exception]]>
              </value>
            </param>
          </params>
          <reporter-output>
          </reporter-output>
        </test-method> <!-- beforeMethod -->
        <test-method status="PASS" signature="Login(java.lang.String, java.lang.String, java.lang.String, java.lang.String, java.lang.String)[pri:1, instance:com.main.FlowIManage@7a3d45bd]" name="Login" duration-ms="85546" started-at="2018-10-03T13:16:46Z" data-provider="Login" finished-at="2018-10-03T13:18:11Z">
          <params>
            <param index="0">
              <value>
                <![CDATA[iManage]]>
              </value>
            </param>
            <param index="1">
              <value>
                <![CDATA[shilki.jaiswal]]>
              </value>
            </param>
            <param index="2">
              <value>
                <![CDATA[June@1811]]>
              </value>
            </param>
            <param index="3">
              <value>
                <![CDATA[ZCS Production]]>
              </value>
            </param>
            <param index="4">
              <value>
                <![CDATA[GDQA-P2P@zycus.com]]>
              </value>
            </param>
          </params>
          <reporter-output>
          </reporter-output>
        </test-method> <!-- Login -->
        <test-method status="PASS" signature="getResult(org.testng.ITestResult)[pri:0, instance:com.main.FlowIManage@7a3d45bd]" name="getResult" is-config="true" duration-ms="2" started-at="2018-10-03T13:18:11Z" finished-at="2018-10-03T13:18:11Z">
          <params>
            <param index="0">
              <value>
                <![CDATA[[TestResult name=Login status=SUCCESS method=FlowIManage.Login(java.lang.String, java.lang.String, java.lang.String, java.lang.String, java.lang.String)[pri:1, instance:com.main.FlowIManage@7a3d45bd] output={null}]]]>
              </value>
            </param>
          </params>
          <reporter-output>
          </reporter-output>
        </test-method> <!-- getResult -->
        <test-method status="PASS" signature="beforeMethod(java.lang.reflect.Method)[pri:0, instance:com.main.FlowIManage@7a3d45bd]" name="beforeMethod" is-config="true" duration-ms="0" started-at="2018-10-03T13:18:11Z" finished-at="2018-10-03T13:18:11Z">
          <params>
            <param index="0">
              <value>
                <![CDATA[public void com.main.FlowIManage.MyTemplates(java.lang.String[]) throws java.lang.Exception]]>
              </value>
            </param>
          </params>
          <reporter-output>
          </reporter-output>
        </test-method> <!-- beforeMethod -->
        <test-method status="PASS" signature="MyTemplates([Ljava.lang.String;)[pri:2, instance:com.main.FlowIManage@7a3d45bd]" name="MyTemplates" duration-ms="37379" started-at="2018-10-03T13:18:11Z" data-provider="MyTemplates" depends-on-methods="com.main.FlowIManage.Login" finished-at="2018-10-03T13:18:49Z">
          <params>
            <param index="0">
              <value>
                <![CDATA[[Ljava.lang.String;@43c67247]]>
              </value>
            </param>
          </params>
          <reporter-output>
          </reporter-output>
        </test-method> <!-- MyTemplates -->
        <test-method status="PASS" signature="getResult(org.testng.ITestResult)[pri:0, instance:com.main.FlowIManage@7a3d45bd]" name="getResult" is-config="true" duration-ms="0" started-at="2018-10-03T13:18:49Z" finished-at="2018-10-03T13:18:49Z">
          <params>
            <param index="0">
              <value>
                <![CDATA[[TestResult name=MyTemplates status=SUCCESS method=FlowIManage.MyTemplates([Ljava.lang.String;)[pri:2, instance:com.main.FlowIManage@7a3d45bd] output={null}]]]>
              </value>
            </param>
          </params>
          <reporter-output>
          </reporter-output>
        </test-method> <!-- getResult -->
        <test-method status="PASS" signature="tearDown()[pri:0, instance:com.main.FlowIManage@7a3d45bd]" name="tearDown" is-config="true" duration-ms="226" started-at="2018-10-03T13:18:49Z" finished-at="2018-10-03T13:18:49Z">
          <reporter-output>
          </reporter-output>
        </test-method> <!-- tearDown -->
      </class> <!-- com.main.FlowIManage -->
    </test> <!-- Default test -->
  </suite> <!-- Default suite -->
</testng-results>
