<?xml version="1.0" encoding="UTF-8"?>
<!-- Generated by org.testng.reporters.JUnitReportReporter -->
<testsuite skipped="0" hostname="ZIPLSY1781" name="com.main.FlowEProc" tests="3" failures="0" timestamp="25 May 2018 06:58:09 GMT" time="44.037" errors="0">
  <testcase name="OnlineStore" time="2.199" classname="com.main.FlowEProc"/>
  <testcase name="Punchouts" time="0.220" classname="com.main.FlowEProc"/>
  <testcase name="Login" time="41.618" classname="com.main.FlowEProc"/>
</testsuite> <!-- com.main.FlowEProc -->
